2024-10-31 10:30:42,868 INFO o.h.v.i.u.Version [background-preinit] HV000001: Hibernate Validator 8.0.1.Final
2024-10-31 10:30:42,914 INFO o.s.b.StartupInfoLogger [restartedMain] Starting FormationApplication using Java 22.0.2 with PID 10224 (C:\Users\ssngn\Documents\Youcode\Wail_Boukhari_S3_B2_Formation\target\classes started by ssngn in C:\Users\ssngn\Documents\Youcode\Wail_Boukhari_S3_B2_Formation)
2024-10-31 10:30:42,914 DEBUG o.s.b.StartupInfoLogger [restartedMain] Running with Spring Boot v3.3.5, Spring v6.1.14
2024-10-31 10:30:42,915 INFO o.s.b.SpringApplication [restartedMain] The following 1 profile is active: "dev"
2024-10-31 10:30:42,976 INFO o.s.b.l.DeferredLog [restartedMain] Devtools property defaults active! Set 'spring.devtools.add-properties' to 'false' to disable
2024-10-31 10:30:42,976 INFO o.s.b.l.DeferredLog [restartedMain] For additional web related logging consider setting the 'logging.level.web' property to 'DEBUG'
2024-10-31 10:30:44,068 INFO o.s.d.r.c.RepositoryConfigurationDelegate [restartedMain] Bootstrapping Spring Data JPA repositories in DEFAULT mode.
2024-10-31 10:30:44,129 INFO o.s.d.r.c.RepositoryConfigurationDelegate [restartedMain] Finished Spring Data repository scanning in 54 ms. Found 4 JPA repository interfaces.
2024-10-31 10:30:44,706 INFO o.s.b.w.e.t.TomcatWebServer [restartedMain] Tomcat initialized with port 8080 (http)
2024-10-31 10:30:44,718 INFO o.a.j.l.DirectJDKLog [restartedMain] Initializing ProtocolHandler ["http-nio-8080"]
2024-10-31 10:30:44,721 INFO o.a.j.l.DirectJDKLog [restartedMain] Starting service [Tomcat]
2024-10-31 10:30:44,721 INFO o.a.j.l.DirectJDKLog [restartedMain] Starting Servlet engine: [Apache Tomcat/10.1.31]
2024-10-31 10:30:44,768 INFO o.a.j.l.DirectJDKLog [restartedMain] Initializing Spring embedded WebApplicationContext
2024-10-31 10:30:44,769 INFO o.s.b.w.s.c.ServletWebServerApplicationContext [restartedMain] Root WebApplicationContext: initialization completed in 1792 ms
2024-10-31 10:30:44,795 INFO c.z.h.HikariDataSource [restartedMain] HikariPool-1 - Starting...
2024-10-31 10:30:45,067 INFO c.z.h.p.HikariPool [restartedMain] HikariPool-1 - Added connection conn0: url=jdbc:h2:mem:formationdb user=SA
2024-10-31 10:30:45,069 INFO c.z.h.HikariDataSource [restartedMain] HikariPool-1 - Start completed.
2024-10-31 10:30:45,080 INFO o.s.b.a.h.H2ConsoleAutoConfiguration [restartedMain] H2 console available at '/h2-console'. Database available at 'jdbc:h2:mem:formationdb'
2024-10-31 10:30:45,195 INFO o.h.j.i.u.LogHelper [restartedMain] HHH000204: Processing PersistenceUnitInfo [name: default]
2024-10-31 10:30:45,274 INFO o.h.Version [restartedMain] HHH000412: Hibernate ORM core version 6.5.3.Final
2024-10-31 10:30:45,332 INFO o.h.c.i.RegionFactoryInitiator [restartedMain] HHH000026: Second-level cache disabled
2024-10-31 10:30:45,693 INFO o.s.o.j.p.SpringPersistenceUnitInfo [restartedMain] No LoadTimeWeaver setup: ignoring JPA class transformer
2024-10-31 10:30:45,750 WARN o.h.e.j.d.i.DialectFactoryImpl [restartedMain] HHH90000025: H2Dialect does not need to be specified explicitly using 'hibernate.dialect' (remove the property setting and it will be selected by default)
2024-10-31 10:30:46,847 INFO o.h.e.t.j.p.i.JtaPlatformInitiator [restartedMain] HHH000489: No JTA platform available (set 'hibernate.transaction.jta.platform' to enable JTA platform integration)
2024-10-31 10:30:46,923 INFO o.s.o.j.AbstractEntityManagerFactoryBean [restartedMain] Initialized JPA EntityManagerFactory for persistence unit 'default'
2024-10-31 10:30:47,245 INFO o.s.d.j.r.q.QueryEnhancerFactory [restartedMain] Hibernate is in classpath; If applicable, HQL parser will be used.
2024-10-31 10:30:48,043 WARN o.s.b.a.o.j.JpaBaseConfiguration$JpaWebConfiguration [restartedMain] spring.jpa.open-in-view is enabled by default. Therefore, database queries may be performed during view rendering. Explicitly configure spring.jpa.open-in-view to disable this warning
2024-10-31 10:30:48,529 INFO o.s.b.d.a.OptionalLiveReloadServer [restartedMain] LiveReload server is running on port 35729
2024-10-31 10:30:48,551 INFO o.a.j.l.DirectJDKLog [restartedMain] Starting ProtocolHandler ["http-nio-8080"]
2024-10-31 10:30:48,569 INFO o.s.b.w.e.t.TomcatWebServer [restartedMain] Tomcat started on port 8080 (http) with context path '/'
2024-10-31 10:30:48,577 INFO o.s.b.StartupInfoLogger [restartedMain] Started FormationApplication in 6.292 seconds (process running for 7.485)
2024-10-31 10:30:48,583 INFO c.f.FormationApplication [restartedMain] 
--------------------------------------------
Application URLs:
--------------------------------------------
Active Profile: dev
Swagger UI: http://localhost:8080/swagger-ui.html
H2 Console: http://localhost:8080/h2-console
SonarQube: http://localhost:9000
--------------------------------------------

2024-10-31 10:30:54,722 INFO o.a.j.l.DirectJDKLog [http-nio-8080-exec-3] Initializing Spring DispatcherServlet 'dispatcherServlet'
2024-10-31 10:30:54,722 INFO o.s.w.s.FrameworkServlet [http-nio-8080-exec-3] Initializing Servlet 'dispatcherServlet'
2024-10-31 10:30:54,724 INFO o.s.w.s.FrameworkServlet [http-nio-8080-exec-3] Completed initialization in 2 ms
2024-10-31 10:30:54,894 WARN o.s.w.s.h.AbstractHandlerExceptionResolver [http-nio-8080-exec-3] Resolved [org.springframework.web.bind.MethodArgumentNotValidException: Validation failed for argument [0] in public org.springframework.http.ResponseEntity<com.formation.entity.ClassRoom> com.formation.controller.ClassRoomController.createClassRoom(com.formation.entity.ClassRoom): [Field error in object 'classRoom' on field 'name': rejected value [null]; codes [NotBlank.classRoom.name,NotBlank.name,NotBlank.java.lang.String,NotBlank]; arguments [org.springframework.context.support.DefaultMessageSourceResolvable: codes [classRoom.name,name]; arguments []; default message [name]]; default message [Name is required]] ]
2024-10-31 10:31:13,006 ERROR o.a.j.l.DirectJDKLog [http-nio-8080-exec-4] Servlet.service() for servlet [dispatcherServlet] in context with path [] threw exception [Request processing failed: com.formation.exception.ResourceNotFoundException: Classroom not found with id: 1] with root cause
com.formation.exception.ResourceNotFoundException: Classroom not found with id: 1
	at com.formation.service.impl.ClassRoomServiceImpl.lambda$findById$0(ClassRoomServiceImpl.java:44)
	at java.base/java.util.Optional.orElseThrow(Optional.java:403)
	at com.formation.service.impl.ClassRoomServiceImpl.findById(ClassRoomServiceImpl.java:44)
	at java.base/jdk.internal.reflect.DirectMethodHandleAccessor.invoke(DirectMethodHandleAccessor.java:103)
	at java.base/java.lang.reflect.Method.invoke(Method.java:580)
	at org.springframework.aop.support.AopUtils.invokeJoinpointUsingReflection(AopUtils.java:355)
	at org.springframework.aop.framework.ReflectiveMethodInvocation.invokeJoinpoint(ReflectiveMethodInvocation.java:196)
	at org.springframework.aop.framework.ReflectiveMethodInvocation.proceed(ReflectiveMethodInvocation.java:163)
	at org.springframework.aop.framework.CglibAopProxy$CglibMethodInvocation.proceed(CglibAopProxy.java:768)
	at org.springframework.transaction.interceptor.TransactionAspectSupport.invokeWithinTransaction(TransactionAspectSupport.java:379)
	at org.springframework.transaction.interceptor.TransactionInterceptor.invoke(TransactionInterceptor.java:119)
	at org.springframework.aop.framework.ReflectiveMethodInvocation.proceed(ReflectiveMethodInvocation.java:184)
	at org.springframework.aop.framework.CglibAopProxy$CglibMethodInvocation.proceed(CglibAopProxy.java:768)
	at org.springframework.aop.framework.CglibAopProxy$DynamicAdvisedInterceptor.intercept(CglibAopProxy.java:720)
	at com.formation.service.impl.ClassRoomServiceImpl$$SpringCGLIB$$0.findById(<generated>)
	at com.formation.controller.ClassRoomController.getClassRoomById(ClassRoomController.java:71)
	at java.base/jdk.internal.reflect.DirectMethodHandleAccessor.invoke(DirectMethodHandleAccessor.java:103)
	at java.base/java.lang.reflect.Method.invoke(Method.java:580)
	at org.springframework.web.method.support.InvocableHandlerMethod.doInvoke(InvocableHandlerMethod.java:255)
	at org.springframework.web.method.support.InvocableHandlerMethod.invokeForRequest(InvocableHandlerMethod.java:188)
	at org.springframework.web.servlet.mvc.method.annotation.ServletInvocableHandlerMethod.invokeAndHandle(ServletInvocableHandlerMethod.java:118)
	at org.springframework.web.servlet.mvc.method.annotation.RequestMappingHandlerAdapter.invokeHandlerMethod(RequestMappingHandlerAdapter.java:926)
	at org.springframework.web.servlet.mvc.method.annotation.RequestMappingHandlerAdapter.handleInternal(RequestMappingHandlerAdapter.java:831)
	at org.springframework.web.servlet.mvc.method.AbstractHandlerMethodAdapter.handle(AbstractHandlerMethodAdapter.java:87)
	at org.springframework.web.servlet.DispatcherServlet.doDispatch(DispatcherServlet.java:1089)
	at org.springframework.web.servlet.DispatcherServlet.doService(DispatcherServlet.java:979)
	at org.springframework.web.servlet.FrameworkServlet.processRequest(FrameworkServlet.java:1014)
	at org.springframework.web.servlet.FrameworkServlet.doGet(FrameworkServlet.java:903)
	at jakarta.servlet.http.HttpServlet.service(HttpServlet.java:564)
	at org.springframework.web.servlet.FrameworkServlet.service(FrameworkServlet.java:885)
	at jakarta.servlet.http.HttpServlet.service(HttpServlet.java:658)
	at org.apache.catalina.core.ApplicationFilterChain.internalDoFilter(ApplicationFilterChain.java:195)
	at org.apache.catalina.core.ApplicationFilterChain.doFilter(ApplicationFilterChain.java:140)
	at org.apache.tomcat.websocket.server.WsFilter.doFilter(WsFilter.java:51)
	at org.apache.catalina.core.ApplicationFilterChain.internalDoFilter(ApplicationFilterChain.java:164)
	at org.apache.catalina.core.ApplicationFilterChain.doFilter(ApplicationFilterChain.java:140)
	at org.springframework.web.filter.RequestContextFilter.doFilterInternal(RequestContextFilter.java:100)
	at org.springframework.web.filter.OncePerRequestFilter.doFilter(OncePerRequestFilter.java:116)
	at org.apache.catalina.core.ApplicationFilterChain.internalDoFilter(ApplicationFilterChain.java:164)
	at org.apache.catalina.core.ApplicationFilterChain.doFilter(ApplicationFilterChain.java:140)
	at org.springframework.web.filter.FormContentFilter.doFilterInternal(FormContentFilter.java:93)
	at org.springframework.web.filter.OncePerRequestFilter.doFilter(OncePerRequestFilter.java:116)
	at org.apache.catalina.core.ApplicationFilterChain.internalDoFilter(ApplicationFilterChain.java:164)
	at org.apache.catalina.core.ApplicationFilterChain.doFilter(ApplicationFilterChain.java:140)
	at org.springframework.web.filter.CharacterEncodingFilter.doFilterInternal(CharacterEncodingFilter.java:201)
	at org.springframework.web.filter.OncePerRequestFilter.doFilter(OncePerRequestFilter.java:116)
	at org.apache.catalina.core.ApplicationFilterChain.internalDoFilter(ApplicationFilterChain.java:164)
	at org.apache.catalina.core.ApplicationFilterChain.doFilter(ApplicationFilterChain.java:140)
	at org.apache.catalina.core.StandardWrapperValve.invoke(StandardWrapperValve.java:167)
	at org.apache.catalina.core.StandardContextValve.invoke(StandardContextValve.java:90)
	at org.apache.catalina.authenticator.AuthenticatorBase.invoke(AuthenticatorBase.java:483)
	at org.apache.catalina.core.StandardHostValve.invoke(StandardHostValve.java:115)
	at org.apache.catalina.valves.ErrorReportValve.invoke(ErrorReportValve.java:93)
	at org.apache.catalina.core.StandardEngineValve.invoke(StandardEngineValve.java:74)
	at org.apache.catalina.connector.CoyoteAdapter.service(CoyoteAdapter.java:344)
	at org.apache.coyote.http11.Http11Processor.service(Http11Processor.java:384)
	at org.apache.coyote.AbstractProcessorLight.process(AbstractProcessorLight.java:63)
	at org.apache.coyote.AbstractProtocol$ConnectionHandler.process(AbstractProtocol.java:905)
	at org.apache.tomcat.util.net.NioEndpoint$SocketProcessor.doRun(NioEndpoint.java:1741)
	at org.apache.tomcat.util.net.SocketProcessorBase.run(SocketProcessorBase.java:52)
	at org.apache.tomcat.util.threads.ThreadPoolExecutor.runWorker(ThreadPoolExecutor.java:1190)
	at org.apache.tomcat.util.threads.ThreadPoolExecutor$Worker.run(ThreadPoolExecutor.java:659)
	at org.apache.tomcat.util.threads.TaskThread$WrappingRunnable.run(TaskThread.java:63)
	at java.base/java.lang.Thread.run(Thread.java:1570)
2024-10-31 10:31:32,713 INFO o.s.b.d.a.LocalDevToolsAutoConfiguration$RestartingClassPathChangeChangedEventListener [File Watcher] Restarting due to 1 class path change (0 additions, 0 deletions, 1 modification)
2024-10-31 10:31:32,730 INFO o.a.j.l.DirectJDKLog [Thread-5] Stopping ProtocolHandler ["http-nio-8080"]
2024-10-31 10:31:32,760 INFO o.s.o.j.AbstractEntityManagerFactoryBean [Thread-5] Closing JPA EntityManagerFactory for persistence unit 'default'
2024-10-31 10:31:32,768 WARN o.s.b.f.s.DisposableBeanAdapter [Thread-5] Invocation of destroy method failed on bean with name 'inMemoryDatabaseShutdownExecutor': org.h2.jdbc.JdbcSQLNonTransientConnectionException: Database is already closed (to disable automatic closing at VM shutdown, add ";DB_CLOSE_ON_EXIT=FALSE" to the db URL) [90121-224]
2024-10-31 10:31:32,771 INFO c.z.h.HikariDataSource [Thread-5] HikariPool-1 - Shutdown initiated...
2024-10-31 10:31:32,799 INFO c.z.h.HikariDataSource [Thread-5] HikariPool-1 - Shutdown completed.
2024-10-31 10:31:32,961 INFO o.s.b.StartupInfoLogger [restartedMain] Starting FormationApplication using Java 22.0.2 with PID 10224 (C:\Users\ssngn\Documents\Youcode\Wail_Boukhari_S3_B2_Formation\target\classes started by ssngn in C:\Users\ssngn\Documents\Youcode\Wail_Boukhari_S3_B2_Formation)
2024-10-31 10:31:32,962 INFO o.s.b.SpringApplication [restartedMain] The following 1 profile is active: "prod"
2024-10-31 10:31:33,327 INFO o.s.d.r.c.RepositoryConfigurationDelegate [restartedMain] Bootstrapping Spring Data JPA repositories in DEFAULT mode.
2024-10-31 10:31:33,349 INFO o.s.d.r.c.RepositoryConfigurationDelegate [restartedMain] Finished Spring Data repository scanning in 21 ms. Found 4 JPA repository interfaces.
2024-10-31 10:31:33,441 INFO o.s.b.w.e.t.TomcatWebServer [restartedMain] Tomcat initialized with port 8080 (http)
2024-10-31 10:31:33,441 INFO o.a.j.l.DirectJDKLog [restartedMain] Initializing ProtocolHandler ["http-nio-8080"]
2024-10-31 10:31:33,442 INFO o.a.j.l.DirectJDKLog [restartedMain] Starting service [Tomcat]
2024-10-31 10:31:33,442 INFO o.a.j.l.DirectJDKLog [restartedMain] Starting Servlet engine: [Apache Tomcat/10.1.31]
2024-10-31 10:31:33,459 INFO o.a.j.l.DirectJDKLog [restartedMain] Initializing Spring embedded WebApplicationContext
2024-10-31 10:31:33,460 INFO o.s.b.w.s.c.ServletWebServerApplicationContext [restartedMain] Root WebApplicationContext: initialization completed in 495 ms
2024-10-31 10:31:33,473 INFO c.z.h.HikariDataSource [restartedMain] HikariPool-2 - Starting...
2024-10-31 10:31:33,816 INFO c.z.h.p.HikariPool [restartedMain] HikariPool-2 - Added connection org.postgresql.jdbc.PgConnection@1b3a6698
2024-10-31 10:31:33,816 INFO c.z.h.HikariDataSource [restartedMain] HikariPool-2 - Start completed.
2024-10-31 10:31:33,820 INFO o.s.b.a.h.H2ConsoleAutoConfiguration [restartedMain] H2 console available at '/h2-console'. Database available at 'jdbc:postgresql://localhost:5432/formationdb'
2024-10-31 10:31:33,845 INFO o.h.j.i.u.LogHelper [restartedMain] HHH000204: Processing PersistenceUnitInfo [name: default]
2024-10-31 10:31:33,847 INFO o.h.c.i.RegionFactoryInitiator [restartedMain] HHH000026: Second-level cache disabled
2024-10-31 10:31:33,855 INFO o.s.o.j.p.SpringPersistenceUnitInfo [restartedMain] No LoadTimeWeaver setup: ignoring JPA class transformer
2024-10-31 10:31:33,887 WARN o.h.e.j.d.i.DialectFactoryImpl [restartedMain] HHH90000025: PostgreSQLDialect does not need to be specified explicitly using 'hibernate.dialect' (remove the property setting and it will be selected by default)
2024-10-31 10:31:34,049 INFO o.h.e.t.j.p.i.JtaPlatformInitiator [restartedMain] HHH000489: No JTA platform available (set 'hibernate.transaction.jta.platform' to enable JTA platform integration)
2024-10-31 10:31:34,173 INFO o.s.o.j.AbstractEntityManagerFactoryBean [restartedMain] Initialized JPA EntityManagerFactory for persistence unit 'default'
2024-10-31 10:31:34,455 WARN o.s.b.a.o.j.JpaBaseConfiguration$JpaWebConfiguration [restartedMain] spring.jpa.open-in-view is enabled by default. Therefore, database queries may be performed during view rendering. Explicitly configure spring.jpa.open-in-view to disable this warning
2024-10-31 10:31:34,588 INFO o.s.b.d.a.OptionalLiveReloadServer [restartedMain] LiveReload server is running on port 35729
2024-10-31 10:31:34,600 INFO o.a.j.l.DirectJDKLog [restartedMain] Starting ProtocolHandler ["http-nio-8080"]
2024-10-31 10:31:34,603 INFO o.s.b.w.e.t.TomcatWebServer [restartedMain] Tomcat started on port 8080 (http) with context path '/'
2024-10-31 10:31:34,610 INFO o.s.b.StartupInfoLogger [restartedMain] Started FormationApplication in 1.707 seconds (process running for 53.517)
2024-10-31 10:31:34,614 INFO o.s.b.d.a.ConditionEvaluationDeltaLoggingListener [restartedMain] Condition evaluation unchanged
2024-10-31 10:31:34,615 INFO c.f.FormationApplication [restartedMain] 
--------------------------------------------
Application URLs:
--------------------------------------------
Active Profile: prod
Swagger UI: http://localhost:8080/swagger-ui.html
SonarQube: http://localhost:9000
--------------------------------------------

2024-10-31 10:31:40,124 INFO o.s.b.d.a.LocalDevToolsAutoConfiguration$RestartingClassPathChangeChangedEventListener [File Watcher] Restarting due to 1 class path change (0 additions, 0 deletions, 1 modification)
2024-10-31 10:31:40,127 INFO o.a.j.l.DirectJDKLog [Thread-7] Stopping ProtocolHandler ["http-nio-8080"]
2024-10-31 10:31:40,133 INFO o.s.o.j.AbstractEntityManagerFactoryBean [Thread-7] Closing JPA EntityManagerFactory for persistence unit 'default'
2024-10-31 10:31:40,135 INFO c.z.h.HikariDataSource [Thread-7] HikariPool-2 - Shutdown initiated...
2024-10-31 10:31:40,137 INFO c.z.h.HikariDataSource [Thread-7] HikariPool-2 - Shutdown completed.
2024-10-31 10:31:40,228 INFO o.s.b.StartupInfoLogger [restartedMain] Starting FormationApplication using Java 22.0.2 with PID 10224 (C:\Users\ssngn\Documents\Youcode\Wail_Boukhari_S3_B2_Formation\target\classes started by ssngn in C:\Users\ssngn\Documents\Youcode\Wail_Boukhari_S3_B2_Formation)
2024-10-31 10:31:40,228 INFO o.s.b.SpringApplication [restartedMain] The following 1 profile is active: "prod"
2024-10-31 10:31:40,429 INFO o.s.d.r.c.RepositoryConfigurationDelegate [restartedMain] Bootstrapping Spring Data JPA repositories in DEFAULT mode.
2024-10-31 10:31:40,448 INFO o.s.d.r.c.RepositoryConfigurationDelegate [restartedMain] Finished Spring Data repository scanning in 18 ms. Found 4 JPA repository interfaces.
2024-10-31 10:31:40,522 INFO o.s.b.w.e.t.TomcatWebServer [restartedMain] Tomcat initialized with port 8080 (http)
2024-10-31 10:31:40,523 INFO o.a.j.l.DirectJDKLog [restartedMain] Initializing ProtocolHandler ["http-nio-8080"]
2024-10-31 10:31:40,523 INFO o.a.j.l.DirectJDKLog [restartedMain] Starting service [Tomcat]
2024-10-31 10:31:40,524 INFO o.a.j.l.DirectJDKLog [restartedMain] Starting Servlet engine: [Apache Tomcat/10.1.31]
2024-10-31 10:31:40,539 INFO o.a.j.l.DirectJDKLog [restartedMain] Initializing Spring embedded WebApplicationContext
2024-10-31 10:31:40,539 INFO o.s.b.w.s.c.ServletWebServerApplicationContext [restartedMain] Root WebApplicationContext: initialization completed in 308 ms
2024-10-31 10:31:40,550 INFO c.z.h.HikariDataSource [restartedMain] HikariPool-3 - Starting...
2024-10-31 10:31:40,597 INFO c.z.h.p.HikariPool [restartedMain] HikariPool-3 - Added connection org.postgresql.jdbc.PgConnection@70e617b2
2024-10-31 10:31:40,597 INFO c.z.h.HikariDataSource [restartedMain] HikariPool-3 - Start completed.
2024-10-31 10:31:40,597 INFO o.s.b.a.h.H2ConsoleAutoConfiguration [restartedMain] H2 console available at '/h2-console'. Database available at 'jdbc:postgresql://localhost:5432/formationdb'
2024-10-31 10:31:40,615 INFO o.h.j.i.u.LogHelper [restartedMain] HHH000204: Processing PersistenceUnitInfo [name: default]
2024-10-31 10:31:40,617 INFO o.h.c.i.RegionFactoryInitiator [restartedMain] HHH000026: Second-level cache disabled
2024-10-31 10:31:40,623 INFO o.s.o.j.p.SpringPersistenceUnitInfo [restartedMain] No LoadTimeWeaver setup: ignoring JPA class transformer
2024-10-31 10:31:40,631 WARN o.h.e.j.d.i.DialectFactoryImpl [restartedMain] HHH90000025: PostgreSQLDialect does not need to be specified explicitly using 'hibernate.dialect' (remove the property setting and it will be selected by default)
2024-10-31 10:31:40,737 INFO o.h.e.t.j.p.i.JtaPlatformInitiator [restartedMain] HHH000489: No JTA platform available (set 'hibernate.transaction.jta.platform' to enable JTA platform integration)
2024-10-31 10:31:40,800 INFO o.s.o.j.AbstractEntityManagerFactoryBean [restartedMain] Initialized JPA EntityManagerFactory for persistence unit 'default'
2024-10-31 10:31:40,960 WARN o.s.b.a.o.j.JpaBaseConfiguration$JpaWebConfiguration [restartedMain] spring.jpa.open-in-view is enabled by default. Therefore, database queries may be performed during view rendering. Explicitly configure spring.jpa.open-in-view to disable this warning
2024-10-31 10:31:41,088 INFO o.s.b.d.a.OptionalLiveReloadServer [restartedMain] LiveReload server is running on port 35729
2024-10-31 10:31:41,099 INFO o.a.j.l.DirectJDKLog [restartedMain] Starting ProtocolHandler ["http-nio-8080"]
2024-10-31 10:31:41,101 INFO o.s.b.w.e.t.TomcatWebServer [restartedMain] Tomcat started on port 8080 (http) with context path '/'
2024-10-31 10:31:41,104 INFO o.s.b.StartupInfoLogger [restartedMain] Started FormationApplication in 0.904 seconds (process running for 60.012)
2024-10-31 10:31:41,105 INFO o.s.b.d.a.ConditionEvaluationDeltaLoggingListener [restartedMain] Condition evaluation unchanged
2024-10-31 10:31:41,105 INFO c.f.FormationApplication [restartedMain] 
--------------------------------------------
Application URLs:
--------------------------------------------
Active Profile: prod
Swagger UI: http://localhost:8080/swagger-ui.html
SonarQube: http://localhost:9000
--------------------------------------------

2024-10-31 10:31:41,689 INFO o.a.j.l.DirectJDKLog [http-nio-8080-exec-2] Initializing Spring DispatcherServlet 'dispatcherServlet'
2024-10-31 10:31:41,690 INFO o.s.w.s.FrameworkServlet [http-nio-8080-exec-2] Initializing Servlet 'dispatcherServlet'
2024-10-31 10:31:41,691 INFO o.s.w.s.FrameworkServlet [http-nio-8080-exec-2] Completed initialization in 1 ms
2024-10-31 10:31:41,785 WARN o.s.w.s.m.s.DefaultHandlerExceptionResolver [http-nio-8080-exec-2] Ignoring exception, response committed already: org.springframework.http.converter.HttpMessageNotWritableException: Could not write JSON: Document nesting depth (1001) exceeds the maximum allowed (1000, from `StreamWriteConstraints.getMaxNestingDepth()`)
2024-10-31 10:31:41,785 WARN o.s.w.s.h.AbstractHandlerExceptionResolver [http-nio-8080-exec-2] Resolved [org.springframework.http.converter.HttpMessageNotWritableException: Could not write JSON: Document nesting depth (1001) exceeds the maximum allowed (1000, from `StreamWriteConstraints.getMaxNestingDepth()`)]
2024-10-31 10:32:15,260 INFO o.s.b.d.a.LocalDevToolsAutoConfiguration$RestartingClassPathChangeChangedEventListener [File Watcher] Restarting due to 1 class path change (0 additions, 1 deletion, 0 modifications)
2024-10-31 10:32:15,261 INFO o.a.j.l.DirectJDKLog [Thread-12] Stopping ProtocolHandler ["http-nio-8080"]
2024-10-31 10:32:15,266 INFO o.s.o.j.AbstractEntityManagerFactoryBean [Thread-12] Closing JPA EntityManagerFactory for persistence unit 'default'
2024-10-31 10:32:15,267 INFO c.z.h.HikariDataSource [Thread-12] HikariPool-3 - Shutdown initiated...
2024-10-31 10:32:15,269 INFO c.z.h.HikariDataSource [Thread-12] HikariPool-3 - Shutdown completed.
2024-10-31 10:32:15,350 INFO o.s.b.StartupInfoLogger [restartedMain] Starting FormationApplication using Java 22.0.2 with PID 10224 (C:\Users\ssngn\Documents\Youcode\Wail_Boukhari_S3_B2_Formation\target\classes started by ssngn in C:\Users\ssngn\Documents\Youcode\Wail_Boukhari_S3_B2_Formation)
2024-10-31 10:32:15,351 INFO o.s.b.SpringApplication [restartedMain] The following 1 profile is active: "prod"
2024-10-31 10:32:15,531 INFO o.s.d.r.c.RepositoryConfigurationDelegate [restartedMain] Bootstrapping Spring Data JPA repositories in DEFAULT mode.
2024-10-31 10:32:15,547 INFO o.s.d.r.c.RepositoryConfigurationDelegate [restartedMain] Finished Spring Data repository scanning in 15 ms. Found 4 JPA repository interfaces.
2024-10-31 10:32:15,689 INFO o.s.b.w.e.t.TomcatWebServer [restartedMain] Tomcat initialized with port 8080 (http)
2024-10-31 10:32:15,689 INFO o.a.j.l.DirectJDKLog [restartedMain] Initializing ProtocolHandler ["http-nio-8080"]
2024-10-31 10:32:15,689 INFO o.a.j.l.DirectJDKLog [restartedMain] Starting service [Tomcat]
2024-10-31 10:32:15,690 INFO o.a.j.l.DirectJDKLog [restartedMain] Starting Servlet engine: [Apache Tomcat/10.1.31]
2024-10-31 10:32:15,702 INFO o.a.j.l.DirectJDKLog [restartedMain] Initializing Spring embedded WebApplicationContext
2024-10-31 10:32:15,702 INFO o.s.b.w.s.c.ServletWebServerApplicationContext [restartedMain] Root WebApplicationContext: initialization completed in 350 ms
2024-10-31 10:32:15,711 INFO c.z.h.HikariDataSource [restartedMain] HikariPool-4 - Starting...
2024-10-31 10:32:15,854 INFO c.z.h.p.HikariPool [restartedMain] HikariPool-4 - Added connection org.postgresql.jdbc.PgConnection@21aa45a3
2024-10-31 10:32:15,854 INFO c.z.h.HikariDataSource [restartedMain] HikariPool-4 - Start completed.
2024-10-31 10:32:15,854 INFO o.s.b.a.h.H2ConsoleAutoConfiguration [restartedMain] H2 console available at '/h2-console'. Database available at 'jdbc:postgresql://localhost:5432/formationdb'
2024-10-31 10:32:15,870 INFO o.h.j.i.u.LogHelper [restartedMain] HHH000204: Processing PersistenceUnitInfo [name: default]
2024-10-31 10:32:15,872 INFO o.h.c.i.RegionFactoryInitiator [restartedMain] HHH000026: Second-level cache disabled
2024-10-31 10:32:15,876 INFO o.s.o.j.p.SpringPersistenceUnitInfo [restartedMain] No LoadTimeWeaver setup: ignoring JPA class transformer
2024-10-31 10:32:15,884 WARN o.h.e.j.d.i.DialectFactoryImpl [restartedMain] HHH90000025: PostgreSQLDialect does not need to be specified explicitly using 'hibernate.dialect' (remove the property setting and it will be selected by default)
2024-10-31 10:32:15,973 INFO o.h.e.t.j.p.i.JtaPlatformInitiator [restartedMain] HHH000489: No JTA platform available (set 'hibernate.transaction.jta.platform' to enable JTA platform integration)
2024-10-31 10:32:16,039 INFO o.s.o.j.AbstractEntityManagerFactoryBean [restartedMain] Initialized JPA EntityManagerFactory for persistence unit 'default'
2024-10-31 10:32:16,436 WARN o.s.b.a.o.j.JpaBaseConfiguration$JpaWebConfiguration [restartedMain] spring.jpa.open-in-view is enabled by default. Therefore, database queries may be performed during view rendering. Explicitly configure spring.jpa.open-in-view to disable this warning
2024-10-31 10:32:16,768 INFO o.s.b.d.a.OptionalLiveReloadServer [restartedMain] LiveReload server is running on port 35729
2024-10-31 10:32:16,816 INFO o.a.j.l.DirectJDKLog [restartedMain] Starting ProtocolHandler ["http-nio-8080"]
2024-10-31 10:32:16,820 INFO o.s.b.w.e.t.TomcatWebServer [restartedMain] Tomcat started on port 8080 (http) with context path '/'
2024-10-31 10:32:16,823 INFO o.s.b.StartupInfoLogger [restartedMain] Started FormationApplication in 1.497 seconds (process running for 95.731)
2024-10-31 10:32:16,825 INFO o.s.b.d.a.ConditionEvaluationDeltaLoggingListener [restartedMain] Condition evaluation unchanged
2024-10-31 10:32:16,826 INFO c.f.FormationApplication [restartedMain] 
--------------------------------------------
Application URLs:
--------------------------------------------
Active Profile: prod
Swagger UI: http://localhost:8080/swagger-ui.html
SonarQube: http://localhost:9000
--------------------------------------------

2024-10-31 10:32:19,271 INFO o.s.b.d.a.LocalDevToolsAutoConfiguration$RestartingClassPathChangeChangedEventListener [File Watcher] Restarting due to 1 class path change (0 additions, 0 deletions, 1 modification)
2024-10-31 10:32:19,272 INFO o.a.j.l.DirectJDKLog [Thread-16] Stopping ProtocolHandler ["http-nio-8080"]
2024-10-31 10:32:19,276 INFO o.s.o.j.AbstractEntityManagerFactoryBean [Thread-16] Closing JPA EntityManagerFactory for persistence unit 'default'
2024-10-31 10:32:19,277 INFO c.z.h.HikariDataSource [Thread-16] HikariPool-4 - Shutdown initiated...
2024-10-31 10:32:19,279 INFO c.z.h.HikariDataSource [Thread-16] HikariPool-4 - Shutdown completed.
2024-10-31 10:32:19,362 INFO o.s.b.StartupInfoLogger [restartedMain] Starting FormationApplication using Java 22.0.2 with PID 10224 (C:\Users\ssngn\Documents\Youcode\Wail_Boukhari_S3_B2_Formation\target\classes started by ssngn in C:\Users\ssngn\Documents\Youcode\Wail_Boukhari_S3_B2_Formation)
2024-10-31 10:32:19,363 INFO o.s.b.SpringApplication [restartedMain] The following 1 profile is active: "prod"
2024-10-31 10:32:19,504 INFO o.s.d.r.c.RepositoryConfigurationDelegate [restartedMain] Bootstrapping Spring Data JPA repositories in DEFAULT mode.
2024-10-31 10:32:19,518 INFO o.s.d.r.c.RepositoryConfigurationDelegate [restartedMain] Finished Spring Data repository scanning in 14 ms. Found 4 JPA repository interfaces.
2024-10-31 10:32:19,599 INFO o.s.b.w.e.t.TomcatWebServer [restartedMain] Tomcat initialized with port 8080 (http)
2024-10-31 10:32:19,600 INFO o.a.j.l.DirectJDKLog [restartedMain] Initializing ProtocolHandler ["http-nio-8080"]
2024-10-31 10:32:19,600 INFO o.a.j.l.DirectJDKLog [restartedMain] Starting service [Tomcat]
2024-10-31 10:32:19,600 INFO o.a.j.l.DirectJDKLog [restartedMain] Starting Servlet engine: [Apache Tomcat/10.1.31]
2024-10-31 10:32:19,618 INFO o.a.j.l.DirectJDKLog [restartedMain] Initializing Spring embedded WebApplicationContext
2024-10-31 10:32:19,618 INFO o.s.b.w.s.c.ServletWebServerApplicationContext [restartedMain] Root WebApplicationContext: initialization completed in 253 ms
2024-10-31 10:32:19,628 INFO c.z.h.HikariDataSource [restartedMain] HikariPool-5 - Starting...
2024-10-31 10:32:19,677 INFO c.z.h.p.HikariPool [restartedMain] HikariPool-5 - Added connection org.postgresql.jdbc.PgConnection@3adb0fc1
2024-10-31 10:32:19,677 INFO c.z.h.HikariDataSource [restartedMain] HikariPool-5 - Start completed.
2024-10-31 10:32:19,677 INFO o.s.b.a.h.H2ConsoleAutoConfiguration [restartedMain] H2 console available at '/h2-console'. Database available at 'jdbc:postgresql://localhost:5432/formationdb'
2024-10-31 10:32:19,698 INFO o.h.j.i.u.LogHelper [restartedMain] HHH000204: Processing PersistenceUnitInfo [name: default]
2024-10-31 10:32:19,699 INFO o.h.c.i.RegionFactoryInitiator [restartedMain] HHH000026: Second-level cache disabled
2024-10-31 10:32:19,705 INFO o.s.o.j.p.SpringPersistenceUnitInfo [restartedMain] No LoadTimeWeaver setup: ignoring JPA class transformer
2024-10-31 10:32:19,713 WARN o.h.e.j.d.i.DialectFactoryImpl [restartedMain] HHH90000025: PostgreSQLDialect does not need to be specified explicitly using 'hibernate.dialect' (remove the property setting and it will be selected by default)
2024-10-31 10:32:19,820 INFO o.h.e.t.j.p.i.JtaPlatformInitiator [restartedMain] HHH000489: No JTA platform available (set 'hibernate.transaction.jta.platform' to enable JTA platform integration)
2024-10-31 10:32:19,894 INFO o.s.o.j.AbstractEntityManagerFactoryBean [restartedMain] Initialized JPA EntityManagerFactory for persistence unit 'default'
2024-10-31 10:32:20,057 WARN o.s.b.a.o.j.JpaBaseConfiguration$JpaWebConfiguration [restartedMain] spring.jpa.open-in-view is enabled by default. Therefore, database queries may be performed during view rendering. Explicitly configure spring.jpa.open-in-view to disable this warning
2024-10-31 10:32:20,162 INFO o.s.b.d.a.OptionalLiveReloadServer [restartedMain] LiveReload server is running on port 35729
2024-10-31 10:32:20,170 INFO o.a.j.l.DirectJDKLog [restartedMain] Starting ProtocolHandler ["http-nio-8080"]
2024-10-31 10:32:20,173 INFO o.s.b.w.e.t.TomcatWebServer [restartedMain] Tomcat started on port 8080 (http) with context path '/'
2024-10-31 10:32:20,177 INFO o.s.b.StartupInfoLogger [restartedMain] Started FormationApplication in 0.84 seconds (process running for 99.084)
2024-10-31 10:32:20,178 INFO o.s.b.d.a.ConditionEvaluationDeltaLoggingListener [restartedMain] Condition evaluation unchanged
2024-10-31 10:32:20,178 INFO c.f.FormationApplication [restartedMain] 
--------------------------------------------
Application URLs:
--------------------------------------------
Active Profile: prod
Swagger UI: http://localhost:8080/swagger-ui.html
SonarQube: http://localhost:9000
--------------------------------------------

2024-10-31 10:32:26,067 INFO o.a.j.l.DirectJDKLog [http-nio-8080-exec-1] Initializing Spring DispatcherServlet 'dispatcherServlet'
2024-10-31 10:32:26,067 INFO o.s.w.s.FrameworkServlet [http-nio-8080-exec-1] Initializing Servlet 'dispatcherServlet'
2024-10-31 10:32:26,068 INFO o.s.w.s.FrameworkServlet [http-nio-8080-exec-1] Completed initialization in 1 ms
2024-10-31 10:32:26,078 WARN o.s.w.s.h.AbstractHandlerExceptionResolver [http-nio-8080-exec-1] Resolved [org.springframework.web.bind.MethodArgumentNotValidException: Validation failed for argument [0] in public org.springframework.http.ResponseEntity<com.formation.entity.ClassRoom> com.formation.controller.ClassRoomController.createClassRoom(com.formation.entity.ClassRoom): [Field error in object 'classRoom' on field 'name': rejected value [null]; codes [NotBlank.classRoom.name,NotBlank.name,NotBlank.java.lang.String,NotBlank]; arguments [org.springframework.context.support.DefaultMessageSourceResolvable: codes [classRoom.name,name]; arguments []; default message [name]]; default message [Name is required]] ]
2024-10-31 10:32:40,147 WARN o.s.w.s.h.AbstractHandlerExceptionResolver [http-nio-8080-exec-5] Resolved [org.springframework.web.bind.MethodArgumentNotValidException: Validation failed for argument [0] in public org.springframework.http.ResponseEntity<com.formation.entity.ClassRoom> com.formation.controller.ClassRoomController.createClassRoom(com.formation.entity.ClassRoom): [Field error in object 'classRoom' on field 'name': rejected value [null]; codes [NotBlank.classRoom.name,NotBlank.name,NotBlank.java.lang.String,NotBlank]; arguments [org.springframework.context.support.DefaultMessageSourceResolvable: codes [classRoom.name,name]; arguments []; default message [name]]; default message [Name is required]] ]
2024-10-31 10:32:44,768 WARN o.s.d.w.c.SpringDataJacksonConfiguration$PageModule$WarningLoggingModifier [http-nio-8080-exec-6] Serializing PageImpl instances as-is is not supported, meaning that there is no guarantee about the stability of the resulting JSON structure!
	For a stable JSON structure, please use Spring Data's PagedModel (globally via @EnableSpringDataWebSupport(pageSerializationMode = VIA_DTO))
	or Spring HATEOAS and Spring Data's PagedResourcesAssembler as documented in https://docs.spring.io/spring-data/commons/reference/repositories/core-extensions.html#core.web.pageables.

2024-10-31 10:32:44,799 WARN o.s.w.s.m.s.DefaultHandlerExceptionResolver [http-nio-8080-exec-6] Ignoring exception, response committed already: org.springframework.http.converter.HttpMessageNotWritableException: Could not write JSON: Document nesting depth (1001) exceeds the maximum allowed (1000, from `StreamWriteConstraints.getMaxNestingDepth()`)
2024-10-31 10:32:44,800 WARN o.s.w.s.h.AbstractHandlerExceptionResolver [http-nio-8080-exec-6] Resolved [org.springframework.http.converter.HttpMessageNotWritableException: Could not write JSON: Document nesting depth (1001) exceeds the maximum allowed (1000, from `StreamWriteConstraints.getMaxNestingDepth()`)]
2024-10-31 10:35:52,256 ERROR o.a.j.l.DirectJDKLog [http-nio-8080-exec-7] Servlet.service() for servlet [dispatcherServlet] in context with path [] threw exception [Request processing failed: com.formation.exception.BusinessException: A classroom with room number JDL-101 already exists] with root cause
com.formation.exception.BusinessException: A classroom with room number JDL-101 already exists
	at com.formation.service.impl.ClassRoomServiceImpl.save(ClassRoomServiceImpl.java:27)
	at java.base/jdk.internal.reflect.DirectMethodHandleAccessor.invoke(DirectMethodHandleAccessor.java:103)
	at java.base/java.lang.reflect.Method.invoke(Method.java:580)
	at org.springframework.aop.support.AopUtils.invokeJoinpointUsingReflection(AopUtils.java:355)
	at org.springframework.aop.framework.ReflectiveMethodInvocation.invokeJoinpoint(ReflectiveMethodInvocation.java:196)
	at org.springframework.aop.framework.ReflectiveMethodInvocation.proceed(ReflectiveMethodInvocation.java:163)
	at org.springframework.aop.framework.CglibAopProxy$CglibMethodInvocation.proceed(CglibAopProxy.java:768)
	at org.springframework.transaction.interceptor.TransactionAspectSupport.invokeWithinTransaction(TransactionAspectSupport.java:379)
	at org.springframework.transaction.interceptor.TransactionInterceptor.invoke(TransactionInterceptor.java:119)
	at org.springframework.aop.framework.ReflectiveMethodInvocation.proceed(ReflectiveMethodInvocation.java:184)
	at org.springframework.aop.framework.CglibAopProxy$CglibMethodInvocation.proceed(CglibAopProxy.java:768)
	at org.springframework.aop.framework.CglibAopProxy$DynamicAdvisedInterceptor.intercept(CglibAopProxy.java:720)
	at com.formation.service.impl.ClassRoomServiceImpl$$SpringCGLIB$$0.save(<generated>)
	at com.formation.controller.ClassRoomController.createClassRoom(ClassRoomController.java:60)
	at java.base/jdk.internal.reflect.DirectMethodHandleAccessor.invoke(DirectMethodHandleAccessor.java:103)
	at java.base/java.lang.reflect.Method.invoke(Method.java:580)
	at org.springframework.web.method.support.InvocableHandlerMethod.doInvoke(InvocableHandlerMethod.java:255)
	at org.springframework.web.method.support.InvocableHandlerMethod.invokeForRequest(InvocableHandlerMethod.java:188)
	at org.springframework.web.servlet.mvc.method.annotation.ServletInvocableHandlerMethod.invokeAndHandle(ServletInvocableHandlerMethod.java:118)
	at org.springframework.web.servlet.mvc.method.annotation.RequestMappingHandlerAdapter.invokeHandlerMethod(RequestMappingHandlerAdapter.java:926)
	at org.springframework.web.servlet.mvc.method.annotation.RequestMappingHandlerAdapter.handleInternal(RequestMappingHandlerAdapter.java:831)
	at org.springframework.web.servlet.mvc.method.AbstractHandlerMethodAdapter.handle(AbstractHandlerMethodAdapter.java:87)
	at org.springframework.web.servlet.DispatcherServlet.doDispatch(DispatcherServlet.java:1089)
	at org.springframework.web.servlet.DispatcherServlet.doService(DispatcherServlet.java:979)
	at org.springframework.web.servlet.FrameworkServlet.processRequest(FrameworkServlet.java:1014)
	at org.springframework.web.servlet.FrameworkServlet.doPost(FrameworkServlet.java:914)
	at jakarta.servlet.http.HttpServlet.service(HttpServlet.java:590)
	at org.springframework.web.servlet.FrameworkServlet.service(FrameworkServlet.java:885)
	at jakarta.servlet.http.HttpServlet.service(HttpServlet.java:658)
	at org.apache.catalina.core.ApplicationFilterChain.internalDoFilter(ApplicationFilterChain.java:195)
	at org.apache.catalina.core.ApplicationFilterChain.doFilter(ApplicationFilterChain.java:140)
	at org.apache.tomcat.websocket.server.WsFilter.doFilter(WsFilter.java:51)
	at org.apache.catalina.core.ApplicationFilterChain.internalDoFilter(ApplicationFilterChain.java:164)
	at org.apache.catalina.core.ApplicationFilterChain.doFilter(ApplicationFilterChain.java:140)
	at org.springframework.web.filter.RequestContextFilter.doFilterInternal(RequestContextFilter.java:100)
	at org.springframework.web.filter.OncePerRequestFilter.doFilter(OncePerRequestFilter.java:116)
	at org.apache.catalina.core.ApplicationFilterChain.internalDoFilter(ApplicationFilterChain.java:164)
	at org.apache.catalina.core.ApplicationFilterChain.doFilter(ApplicationFilterChain.java:140)
	at org.springframework.web.filter.FormContentFilter.doFilterInternal(FormContentFilter.java:93)
	at org.springframework.web.filter.OncePerRequestFilter.doFilter(OncePerRequestFilter.java:116)
	at org.apache.catalina.core.ApplicationFilterChain.internalDoFilter(ApplicationFilterChain.java:164)
	at org.apache.catalina.core.ApplicationFilterChain.doFilter(ApplicationFilterChain.java:140)
	at org.springframework.web.filter.CharacterEncodingFilter.doFilterInternal(CharacterEncodingFilter.java:201)
	at org.springframework.web.filter.OncePerRequestFilter.doFilter(OncePerRequestFilter.java:116)
	at org.apache.catalina.core.ApplicationFilterChain.internalDoFilter(ApplicationFilterChain.java:164)
	at org.apache.catalina.core.ApplicationFilterChain.doFilter(ApplicationFilterChain.java:140)
	at org.apache.catalina.core.StandardWrapperValve.invoke(StandardWrapperValve.java:167)
	at org.apache.catalina.core.StandardContextValve.invoke(StandardContextValve.java:90)
	at org.apache.catalina.authenticator.AuthenticatorBase.invoke(AuthenticatorBase.java:483)
	at org.apache.catalina.core.StandardHostValve.invoke(StandardHostValve.java:115)
	at org.apache.catalina.valves.ErrorReportValve.invoke(ErrorReportValve.java:93)
	at org.apache.catalina.core.StandardEngineValve.invoke(StandardEngineValve.java:74)
	at org.apache.catalina.connector.CoyoteAdapter.service(CoyoteAdapter.java:344)
	at org.apache.coyote.http11.Http11Processor.service(Http11Processor.java:384)
	at org.apache.coyote.AbstractProcessorLight.process(AbstractProcessorLight.java:63)
	at org.apache.coyote.AbstractProtocol$ConnectionHandler.process(AbstractProtocol.java:905)
	at org.apache.tomcat.util.net.NioEndpoint$SocketProcessor.doRun(NioEndpoint.java:1741)
	at org.apache.tomcat.util.net.SocketProcessorBase.run(SocketProcessorBase.java:52)
	at org.apache.tomcat.util.threads.ThreadPoolExecutor.runWorker(ThreadPoolExecutor.java:1190)
	at org.apache.tomcat.util.threads.ThreadPoolExecutor$Worker.run(ThreadPoolExecutor.java:659)
	at org.apache.tomcat.util.threads.TaskThread$WrappingRunnable.run(TaskThread.java:63)
	at java.base/java.lang.Thread.run(Thread.java:1570)
2024-10-31 10:36:23,172 INFO o.s.b.d.a.LocalDevToolsAutoConfiguration$RestartingClassPathChangeChangedEventListener [File Watcher] Restarting due to 1 class path change (0 additions, 0 deletions, 1 modification)
2024-10-31 10:36:23,174 INFO o.a.j.l.DirectJDKLog [Thread-20] Stopping ProtocolHandler ["http-nio-8080"]
2024-10-31 10:36:23,182 INFO o.s.o.j.AbstractEntityManagerFactoryBean [Thread-20] Closing JPA EntityManagerFactory for persistence unit 'default'
2024-10-31 10:36:23,184 INFO c.z.h.HikariDataSource [Thread-20] HikariPool-5 - Shutdown initiated...
2024-10-31 10:36:23,187 INFO c.z.h.HikariDataSource [Thread-20] HikariPool-5 - Shutdown completed.
2024-10-31 10:36:23,289 INFO o.s.b.StartupInfoLogger [restartedMain] Starting FormationApplication using Java 22.0.2 with PID 10224 (C:\Users\ssngn\Documents\Youcode\Wail_Boukhari_S3_B2_Formation\target\classes started by ssngn in C:\Users\ssngn\Documents\Youcode\Wail_Boukhari_S3_B2_Formation)
2024-10-31 10:36:23,290 DEBUG o.s.b.StartupInfoLogger [restartedMain] Running with Spring Boot v3.3.5, Spring v6.1.14
2024-10-31 10:36:23,290 INFO o.s.b.SpringApplication [restartedMain] The following 1 profile is active: "dev"
2024-10-31 10:36:23,508 INFO o.s.d.r.c.RepositoryConfigurationDelegate [restartedMain] Bootstrapping Spring Data JPA repositories in DEFAULT mode.
2024-10-31 10:36:23,533 INFO o.s.d.r.c.RepositoryConfigurationDelegate [restartedMain] Finished Spring Data repository scanning in 24 ms. Found 4 JPA repository interfaces.
2024-10-31 10:36:23,666 INFO o.s.b.w.e.t.TomcatWebServer [restartedMain] Tomcat initialized with port 8080 (http)
2024-10-31 10:36:23,669 INFO o.a.j.l.DirectJDKLog [restartedMain] Initializing ProtocolHandler ["http-nio-8080"]
2024-10-31 10:36:23,669 INFO o.a.j.l.DirectJDKLog [restartedMain] Starting service [Tomcat]
2024-10-31 10:36:23,669 INFO o.a.j.l.DirectJDKLog [restartedMain] Starting Servlet engine: [Apache Tomcat/10.1.31]
2024-10-31 10:36:23,689 INFO o.a.j.l.DirectJDKLog [restartedMain] Initializing Spring embedded WebApplicationContext
2024-10-31 10:36:23,690 INFO o.s.b.w.s.c.ServletWebServerApplicationContext [restartedMain] Root WebApplicationContext: initialization completed in 399 ms
2024-10-31 10:36:23,709 INFO c.z.h.HikariDataSource [restartedMain] HikariPool-6 - Starting...
2024-10-31 10:36:23,715 INFO c.z.h.p.HikariPool [restartedMain] HikariPool-6 - Added connection conn10: url=jdbc:h2:mem:formationdb user=SA
2024-10-31 10:36:23,716 INFO c.z.h.HikariDataSource [restartedMain] HikariPool-6 - Start completed.
2024-10-31 10:36:23,718 INFO o.s.b.a.h.H2ConsoleAutoConfiguration [restartedMain] H2 console available at '/h2-console'. Database available at 'jdbc:h2:mem:formationdb'
2024-10-31 10:36:23,757 INFO o.h.j.i.u.LogHelper [restartedMain] HHH000204: Processing PersistenceUnitInfo [name: default]
2024-10-31 10:36:23,761 INFO o.h.c.i.RegionFactoryInitiator [restartedMain] HHH000026: Second-level cache disabled
2024-10-31 10:36:23,775 INFO o.s.o.j.p.SpringPersistenceUnitInfo [restartedMain] No LoadTimeWeaver setup: ignoring JPA class transformer
2024-10-31 10:36:23,777 WARN o.h.e.j.d.i.DialectFactoryImpl [restartedMain] HHH90000025: H2Dialect does not need to be specified explicitly using 'hibernate.dialect' (remove the property setting and it will be selected by default)
2024-10-31 10:36:23,905 INFO o.h.e.t.j.p.i.JtaPlatformInitiator [restartedMain] HHH000489: No JTA platform available (set 'hibernate.transaction.jta.platform' to enable JTA platform integration)
2024-10-31 10:36:23,924 INFO o.s.o.j.AbstractEntityManagerFactoryBean [restartedMain] Initialized JPA EntityManagerFactory for persistence unit 'default'
2024-10-31 10:36:24,185 WARN o.s.b.a.o.j.JpaBaseConfiguration$JpaWebConfiguration [restartedMain] spring.jpa.open-in-view is enabled by default. Therefore, database queries may be performed during view rendering. Explicitly configure spring.jpa.open-in-view to disable this warning
2024-10-31 10:36:24,373 INFO o.s.b.d.a.OptionalLiveReloadServer [restartedMain] LiveReload server is running on port 35729
2024-10-31 10:36:24,384 INFO o.a.j.l.DirectJDKLog [restartedMain] Starting ProtocolHandler ["http-nio-8080"]
2024-10-31 10:36:24,387 INFO o.s.b.w.e.t.TomcatWebServer [restartedMain] Tomcat started on port 8080 (http) with context path '/'
2024-10-31 10:36:24,391 INFO o.s.b.StartupInfoLogger [restartedMain] Started FormationApplication in 1.134 seconds (process running for 343.299)
2024-10-31 10:36:24,393 INFO o.s.b.d.a.ConditionEvaluationDeltaLoggingListener [restartedMain] Condition evaluation unchanged
2024-10-31 10:36:24,394 INFO c.f.FormationApplication [restartedMain] 
--------------------------------------------
Application URLs:
--------------------------------------------
Active Profile: dev
Swagger UI: http://localhost:8080/swagger-ui.html
H2 Console: http://localhost:8080/h2-console
SonarQube: http://localhost:9000
--------------------------------------------

2024-10-31 10:36:31,683 INFO o.a.j.l.DirectJDKLog [http-nio-8080-exec-2] Initializing Spring DispatcherServlet 'dispatcherServlet'
2024-10-31 10:36:31,683 INFO o.s.w.s.FrameworkServlet [http-nio-8080-exec-2] Initializing Servlet 'dispatcherServlet'
2024-10-31 10:36:31,684 INFO o.s.w.s.FrameworkServlet [http-nio-8080-exec-2] Completed initialization in 1 ms
